<?xml version="1.0" encoding="UTF-8"?>
<!-- Generated by org.testng.reporters.JUnitReportReporter -->
<testsuite skipped="0" hostname="MC0XKJPC" name="DataDrivenFramework.Login" tests="1" failures="0" timestamp="02 Apr 2018 10:23:40 GMT" time="15.442" errors="0">
  <testcase name="Home" time="15.442" classname="DataDrivenFramework.Login"/>
</testsuite> <!-- DataDrivenFramework.Login -->
